   223    26     0     datakind beginning-row multi-curves
-----------------------------------------------------------------
Calculation of photoelectron diffraction and dichroism
MSCD Parallel  Version 1.37 Yufeng Chen and Michel A Van Hove
Lawrence Berkeley National Laboratory (LBNL), Berkeley, CA 94720
Copyright (c) Van Hove Group 1997-1998. All rights reserved
-----------------------------------------------------------------
 angle-resolved photoemission extended fine structure (ARPEFS)
 multiple scattering calculation of Ga2O3(100)
 calculated by Yosef (UFJ-PPGCAS) on Oct  7, 2025

   initial angular momentum (li) = 2   msorder=  8   raorder= 4
   photon polarization angle (polar,azimuth) =(  30.0   0.0 ) (deg)

   radius, depth and lattice constant=   9.0,  25.0 and   4.09 angstrom
   cluster size= 237 atoms and spacings=  0.00  2.66  2.66  2.66 angs
   inner potential=  2.1 V  debye and sample temperature= 104, 300 K
   number of valence electrons=  11     bandgap energy=   0.00 eV
   density of bulk=  10.50 g/cm3     molecular weight= 107.87 amu
   effective weight=  107.9 amu
   half aperture angle=    1.5 deg            pathcut=     0.0050

   photoemission azimuthal scan curves
     parameters: curve point theta phi weightc weighte
     columns: phi intensity background chical chiexp
    18   720    1   18   40  960  ncurve npoint nk ntheta nphi nangle
   1    40  16.66   18.0    1.0    0.0   ----------------------------
  111.0    1.8503e-02    1.2782e-02    4.4756e-01   -2.2243e-02
  114.0    1.7635e-02    1.2782e-02    3.7965e-01   -4.0333e-02
  117.0    1.6327e-02    1.2782e-02    2.7731e-01   -4.3791e-02
  120.0    1.6235e-02    1.2782e-02    2.7012e-01   -2.6295e-02
  123.0    1.6336e-02    1.2782e-02    2.7805e-01    2.4272e-03
  126.0    1.7741e-02    1.2782e-02    3.8794e-01    3.8032e-02
  129.0    1.8691e-02    1.2782e-02    4.6227e-01    5.9663e-02
  132.0    1.9173e-02    1.2782e-02    4.9996e-01    6.4723e-02
  135.0    1.9124e-02    1.2782e-02    4.9610e-01    5.6807e-02
  138.0    1.7874e-02    1.2782e-02    3.9831e-01    4.5085e-02
  141.0    1.5749e-02    1.2782e-02    2.3208e-01    3.4281e-02
  144.0    1.3386e-02    1.2782e-02    4.7241e-02    2.6374e-02
  147.0    1.1277e-02    1.2782e-02   -1.1778e-01    1.0205e-02
  150.0    9.8115e-03    1.2782e-02   -2.3242e-01    1.5680e-03
  153.0    8.9766e-03    1.2782e-02   -2.9773e-01   -1.2532e-02
  156.0    9.4904e-03    1.2782e-02   -2.5753e-01   -2.0286e-02
  159.0    9.8857e-03    1.2782e-02   -2.2661e-01   -3.6486e-02
  162.0    9.9956e-03    1.2782e-02   -2.1801e-01   -6.0136e-02
  165.0    9.9742e-03    1.2782e-02   -2.1969e-01   -7.9725e-02
  168.0    9.6676e-03    1.2782e-02   -2.4368e-01   -8.9089e-02
  171.0    9.1282e-03    1.2782e-02   -2.8587e-01   -7.9628e-02
  174.0    8.7323e-03    1.2782e-02   -3.1684e-01   -4.3899e-02
  177.0    8.4765e-03    1.2782e-02   -3.3686e-01   -4.9874e-03
  180.0    8.4729e-03    1.2782e-02   -3.3714e-01    2.7770e-02
  183.0    8.4761e-03    1.2782e-02   -3.3689e-01    2.2433e-02
  186.0    8.7320e-03    1.2782e-02   -3.1687e-01   -5.2078e-04
  189.0    9.1274e-03    1.2782e-02   -2.8594e-01   -2.6997e-02
  192.0    9.6652e-03    1.2782e-02   -2.4386e-01   -2.8617e-02
  195.0    9.9697e-03    1.2782e-02   -2.2004e-01   -9.6950e-03
  198.0    9.9905e-03    1.2782e-02   -2.1842e-01    1.5266e-02
  201.0    9.8800e-03    1.2782e-02   -2.2706e-01    4.0852e-02
  204.0    9.4839e-03    1.2782e-02   -2.5805e-01    5.2377e-02
  207.0    8.9692e-03    1.2782e-02   -2.9831e-01    5.7921e-02
  210.0    9.8030e-03    1.2782e-02   -2.3308e-01    4.9119e-02
  213.0    1.1269e-02    1.2782e-02   -1.1840e-01    4.1560e-02
  216.0    1.3378e-02    1.2782e-02    4.6631e-02    3.2669e-02
  219.0    1.5740e-02    1.2782e-02    2.3139e-01    2.3925e-02
  222.0    1.7865e-02    1.2782e-02    3.9762e-01    1.2738e-03
  225.0    1.9116e-02    1.2782e-02    4.9551e-01   -3.1213e-02
  228.0    1.9165e-02    1.2782e-02    4.9935e-01   -7.0997e-02
   2    40  16.66   21.0    1.0    0.0   ----------------------------
  111.0    1.3132e-02    1.1719e-02    1.2059e-01    3.0616e-02
  114.0    1.2134e-02    1.1719e-02    3.5426e-02   -6.0676e-03
  117.0    1.1454e-02    1.1719e-02   -2.2669e-02   -2.5210e-02
  120.0    1.1063e-02    1.1719e-02   -5.5965e-02   -2.9509e-02
  123.0    1.1397e-02    1.1719e-02   -2.7520e-02   -1.4713e-02
  126.0    1.2073e-02    1.1719e-02    3.0176e-02   -1.0473e-03
  129.0    1.3091e-02    1.1719e-02    1.1705e-01    1.0886e-02
  132.0    1.4000e-02    1.1719e-02    1.9461e-01    7.7695e-04
  135.0    1.4456e-02    1.1719e-02    2.3353e-01   -1.9237e-02
  138.0    1.3964e-02    1.1719e-02    1.9155e-01   -3.5733e-02
  141.0    1.2634e-02    1.1719e-02    7.8047e-02   -3.2497e-02
  144.0    1.1588e-02    1.1719e-02   -1.1182e-02    8.8860e-04
  147.0    1.1074e-02    1.1719e-02   -5.5066e-02    4.1882e-02
  150.0    1.0960e-02    1.1719e-02   -6.4773e-02    7.6547e-02
  153.0    1.1099e-02    1.1719e-02   -5.2906e-02    8.8435e-02
  156.0    1.1849e-02    1.1719e-02    1.1105e-02    8.4453e-02
  159.0    1.3054e-02    1.1719e-02    1.1391e-01    7.2958e-02
  162.0    1.3262e-02    1.1719e-02    1.3165e-01    5.7552e-02
  165.0    1.2681e-02    1.1719e-02    8.2063e-02    3.5028e-02
  168.0    1.1242e-02    1.1719e-02   -4.0706e-02   -2.6980e-03
  171.0    9.4901e-03    1.1719e-02   -1.9021e-01   -5.5393e-02
  174.0    8.5690e-03    1.1719e-02   -2.6881e-01   -1.1432e-01
  177.0    8.2189e-03    1.1719e-02   -2.9868e-01   -1.5133e-01
  180.0    8.2038e-03    1.1719e-02   -2.9997e-01   -1.5659e-01
  183.0    8.2189e-03    1.1719e-02   -2.9868e-01   -1.2447e-01
  186.0    8.5693e-03    1.1719e-02   -2.6878e-01   -7.7220e-02
  189.0    9.4901e-03    1.1719e-02   -1.9021e-01   -2.2056e-02
  192.0    1.1240e-02    1.1719e-02   -4.0915e-02    2.0598e-02
  195.0    1.2675e-02    1.1719e-02    8.1522e-02    5.4784e-02
  198.0    1.3254e-02    1.1719e-02    1.3100e-01    7.6634e-02
  201.0    1.3048e-02    1.1719e-02    1.1338e-01    8.7806e-02
  204.0    1.1843e-02    1.1719e-02    1.0568e-02    9.2456e-02
  207.0    1.1093e-02    1.1719e-02   -5.3468e-02    7.7576e-02
  210.0    1.0955e-02    1.1719e-02   -6.5203e-02    5.5770e-02
  213.0    1.1070e-02    1.1719e-02   -5.5378e-02    1.9600e-02
  216.0    1.1583e-02    1.1719e-02   -1.1581e-02   -1.2167e-02
  219.0    1.2627e-02    1.1719e-02    7.7472e-02   -3.3380e-02
  222.0    1.3960e-02    1.1719e-02    1.9124e-01   -3.0374e-02
  225.0    1.4454e-02    1.1719e-02    2.3337e-01   -2.4301e-02
  228.0    1.3998e-02    1.1719e-02    1.9441e-01   -2.3238e-02
   3    40  16.66   24.0    1.0    0.0   ----------------------------
  111.0    9.8706e-03    9.8964e-03   -2.6054e-03    4.8528e-02
  114.0    9.7225e-03    9.8964e-03   -1.7576e-02    1.4226e-02
  117.0    9.5844e-03    9.8964e-03   -3.1524e-02   -1.2206e-02
  120.0    9.3837e-03    9.8964e-03   -5.1807e-02   -2.7254e-02
  123.0    9.5583e-03    9.8964e-03   -3.4163e-02   -3.4422e-02
  126.0    9.6633e-03    9.8964e-03   -2.3558e-02   -2.3362e-02
  129.0    9.8177e-03    9.8964e-03   -7.9546e-03   -1.1896e-02
  132.0    9.9807e-03    9.8964e-03    8.5177e-03   -9.4375e-03
  135.0    9.9592e-03    9.8964e-03    6.3506e-03   -2.6540e-02
  138.0    9.7194e-03    9.8964e-03   -1.7887e-02   -3.6023e-02
  141.0    9.4971e-03    9.8964e-03   -4.0349e-02   -2.3613e-02
  144.0    9.7703e-03    9.8964e-03   -1.2740e-02    2.7607e-03
  147.0    1.0172e-02    9.8964e-03    2.7826e-02    2.3354e-02
  150.0    1.0600e-02    9.8964e-03    7.1108e-02    3.8580e-02
  153.0    1.0888e-02    9.8964e-03    1.0019e-01    5.1245e-02
  156.0    1.1906e-02    9.8964e-03    2.0302e-01    6.4741e-02
  159.0    1.2592e-02    9.8964e-03    2.7243e-01    7.1999e-02
  162.0    1.2160e-02    9.8964e-03    2.2870e-01    8.7743e-02
  165.0    1.0757e-02    9.8964e-03    8.6979e-02    8.5628e-02
  168.0    9.1468e-03    9.8964e-03   -7.5741e-02    6.7347e-02
  171.0    7.8884e-03    9.8964e-03   -2.0290e-01   -2.0270e-03
  174.0    7.2979e-03    9.8964e-03   -2.6257e-01   -8.1663e-02
  177.0    7.7512e-03    9.8964e-03   -2.1676e-01   -1.5122e-01
  180.0    8.1426e-03    9.8964e-03   -1.7722e-01   -1.7591e-01
  183.0    7.7501e-03    9.8964e-03   -2.1687e-01   -1.4775e-01
  186.0    7.2961e-03    9.8964e-03   -2.6276e-01   -8.7835e-02
  189.0    7.8875e-03    9.8964e-03   -2.0299e-01   -7.0173e-03
  192.0    9.1453e-03    9.8964e-03   -7.5892e-02    4.2357e-02
  195.0    1.0753e-02    9.8964e-03    8.6525e-02    6.7878e-02
  198.0    1.2152e-02    9.8964e-03    2.2795e-01    6.6765e-02
  201.0    1.2584e-02    9.8964e-03    2.7155e-01    6.6147e-02
  204.0    1.1896e-02    9.8964e-03    2.0207e-01    5.9357e-02
  207.0    1.0879e-02    9.8964e-03    9.9257e-02    5.1376e-02
  210.0    1.0593e-02    9.8964e-03    7.0354e-02    4.4326e-02
  213.0    1.0167e-02    9.8964e-03    2.7385e-02    2.3152e-02
  216.0    9.7671e-03    9.8964e-03   -1.3060e-02   -1.3250e-02
  219.0    9.4953e-03    9.8964e-03   -4.0525e-02   -4.4185e-02
  222.0    9.7195e-03    9.8964e-03   -1.7870e-02   -4.4311e-02
  225.0    9.9606e-03    9.8964e-03    6.4836e-03   -2.2297e-02
  228.0    9.9818e-03    9.8964e-03    8.6324e-03    4.3324e-03
   4    40  16.66   27.0    1.0    0.0   ----------------------------
  111.0    9.5507e-03    9.0760e-03    5.2308e-02   -1.1037e-01
  114.0    1.0286e-02    9.0760e-03    1.3337e-01    5.6643e-03
  117.0    1.0926e-02    9.0760e-03    2.0387e-01    8.8451e-02
  120.0    1.0997e-02    9.0760e-03    2.1168e-01    1.1828e-01
  123.0    1.0827e-02    9.0760e-03    1.9294e-01    9.1081e-02
  126.0    1.0153e-02    9.0760e-03    1.1862e-01    4.0268e-02
  129.0    9.5358e-03    9.0760e-03    5.0666e-02   -6.1332e-03
  132.0    9.2431e-03    9.0760e-03    1.8414e-02   -3.4100e-02
  135.0    8.8650e-03    9.0760e-03   -2.3246e-02   -4.0166e-02
  138.0    8.4843e-03    9.0760e-03   -6.5196e-02   -3.5864e-02
  141.0    8.5571e-03    9.0760e-03   -5.7169e-02   -3.3537e-02
  144.0    8.5105e-03    9.0760e-03   -6.2311e-02   -5.8353e-02
  147.0    7.8710e-03    9.0760e-03   -1.3277e-01   -9.6320e-02
  150.0    7.9068e-03    9.0760e-03   -1.2883e-01   -1.1998e-01
  153.0    8.2349e-03    9.0760e-03   -9.2678e-02   -1.0929e-01
  156.0    8.4614e-03    9.0760e-03   -6.7714e-02   -7.9810e-02
  159.0    8.3895e-03    9.0760e-03   -7.5643e-02   -4.9793e-02
  162.0    7.6743e-03    9.0760e-03   -1.5444e-01   -1.9506e-02
  165.0    7.2215e-03    9.0760e-03   -2.0433e-01    2.8569e-02
  168.0    7.6303e-03    9.0760e-03   -1.5929e-01    8.5461e-02
  171.0    8.6817e-03    9.0760e-03   -4.3448e-02    1.3161e-01
  174.0    1.0702e-02    9.0760e-03    1.7917e-01    1.2926e-01
  177.0    1.2368e-02    9.0760e-03    3.6270e-01    1.0552e-01
  180.0    1.3159e-02    9.0760e-03    4.4991e-01    8.1337e-02
  183.0    1.2372e-02    9.0760e-03    3.6316e-01    8.0963e-02
  186.0    1.0706e-02    9.0760e-03    1.7957e-01    7.9483e-02
  189.0    8.6834e-03    9.0760e-03   -4.3261e-02    6.5191e-02
  192.0    7.6300e-03    9.0760e-03   -1.5932e-01    2.4151e-02
  195.0    7.2193e-03    9.0760e-03   -2.0457e-01   -2.0403e-02
  198.0    7.6706e-03    9.0760e-03   -1.5485e-01   -5.7104e-02
  201.0    8.3875e-03    9.0760e-03   -7.5862e-02   -7.7476e-02
  204.0    8.4611e-03    9.0760e-03   -6.7747e-02   -1.0232e-01
  207.0    8.2340e-03    9.0760e-03   -9.2768e-02   -1.2543e-01
  210.0    7.9044e-03    9.0760e-03   -1.2908e-01   -1.1590e-01
  213.0    7.8687e-03    9.0760e-03   -1.3302e-01   -7.2952e-02
  216.0    8.5081e-03    9.0760e-03   -6.2572e-02   -2.6846e-02
  219.0    8.5560e-03    9.0760e-03   -5.7292e-02    6.6494e-03
  222.0    8.4874e-03    9.0760e-03   -6.4856e-02    2.9012e-02
  225.0    8.8679e-03    9.0760e-03   -2.2929e-02    7.2471e-02
  228.0    9.2466e-03    9.0760e-03    1.8799e-02    1.2946e-01
   5    40  16.66   30.0    1.0    0.0   ----------------------------
  111.0    1.1224e-02    1.0762e-02    4.3005e-02   -4.8988e-02
  114.0    1.1874e-02    1.0762e-02    1.0337e-01   -3.1600e-03
  117.0    1.2802e-02    1.0762e-02    1.8958e-01    4.3704e-02
  120.0    1.3044e-02    1.0762e-02    2.1207e-01    7.6596e-02
  123.0    1.2765e-02    1.0762e-02    1.8616e-01    9.4198e-02
  126.0    1.1867e-02    1.0762e-02    1.0268e-01    8.1721e-02
  129.0    1.1199e-02    1.0762e-02    4.0682e-02    5.2509e-02
  132.0    1.0105e-02    1.0762e-02   -6.1021e-02    7.7707e-03
  135.0    9.1262e-03    1.0762e-02   -1.5197e-01   -2.9016e-02
  138.0    8.3126e-03    1.0762e-02   -2.2757e-01   -5.5614e-02
  141.0    8.1092e-03    1.0762e-02   -2.4647e-01   -7.0796e-02
  144.0    8.0426e-03    1.0762e-02   -2.5266e-01   -9.8641e-02
  147.0    7.6358e-03    1.0762e-02   -2.9047e-01   -1.4022e-01
  150.0    7.5063e-03    1.0762e-02   -3.0249e-01   -1.7147e-01
  153.0    7.8890e-03    1.0762e-02   -2.6693e-01   -1.7260e-01
  156.0    8.0609e-03    1.0762e-02   -2.5096e-01   -1.5254e-01
  159.0    7.8213e-03    1.0762e-02   -2.7322e-01   -1.1997e-01
  162.0    6.9228e-03    1.0762e-02   -3.5672e-01   -8.1047e-02
  165.0    7.3809e-03    1.0762e-02   -3.1414e-01   -1.1929e-02
  168.0    9.6953e-03    1.0762e-02   -9.9086e-02    8.1779e-02
  171.0    1.2799e-02    1.0762e-02    1.8931e-01    1.7125e-01
  174.0    1.8321e-02    1.0762e-02    7.0243e-01    2.4071e-01
  177.0    2.2884e-02    1.0762e-02    1.1264e+00    2.6425e-01
  180.0    2.4430e-02    1.0762e-02    1.2701e+00    2.6317e-01
  183.0    2.2886e-02    1.0762e-02    1.1266e+00    2.3529e-01
  186.0    1.8322e-02    1.0762e-02    7.0252e-01    1.8601e-01
  189.0    1.2797e-02    1.0762e-02    1.8913e-01    1.0244e-01
  192.0    9.6938e-03    1.0762e-02   -9.9232e-02   -5.5891e-03
  195.0    7.3818e-03    1.0762e-02   -3.1406e-01   -9.7489e-02
  198.0    6.9239e-03    1.0762e-02   -3.5661e-01   -1.5671e-01
  201.0    7.8234e-03    1.0762e-02   -2.7303e-01   -1.8310e-01
  204.0    8.0637e-03    1.0762e-02   -2.5070e-01   -2.0202e-01
  207.0    7.8924e-03    1.0762e-02   -2.6662e-01   -1.9876e-01
  210.0    7.5103e-03    1.0762e-02   -3.0212e-01   -1.6170e-01
  213.0    7.6411e-03    1.0762e-02   -2.8997e-01   -9.7726e-02
  216.0    8.0481e-03    1.0762e-02   -2.5215e-01   -4.2280e-02
  219.0    8.1129e-03    1.0762e-02   -2.4613e-01   -2.4250e-03
  222.0    8.3151e-03    1.0762e-02   -2.2734e-01    4.1301e-02
  225.0    9.1291e-03    1.0762e-02   -1.5170e-01    1.2309e-01
  228.0    1.0108e-02    1.0762e-02   -6.0719e-02    2.3889e-01
   6    40  16.66   33.0    1.0    0.0   ----------------------------
  111.0    1.0752e-02    1.2180e-02   -1.1722e-01   -4.0338e-03
  114.0    1.2041e-02    1.2180e-02   -1.1366e-02    1.2386e-02
  117.0    1.2224e-02    1.2180e-02    3.6408e-03    2.3651e-02
  120.0    1.2288e-02    1.2180e-02    8.8621e-03    4.1193e-02
  123.0    1.2391e-02    1.2180e-02    1.7383e-02    9.3010e-02
  126.0    1.2228e-02    1.2180e-02    3.9977e-03    8.9110e-02
  129.0    1.0922e-02    1.2180e-02   -1.0326e-01    2.8957e-02
  132.0    9.5865e-03    1.2180e-02   -2.1290e-01   -5.2540e-02
  135.0    9.6478e-03    1.2180e-02   -2.0787e-01   -8.4840e-02
  138.0    1.0184e-02    1.2180e-02   -1.6382e-01   -8.1160e-02
  141.0    1.0949e-02    1.2180e-02   -1.0101e-01   -7.6138e-02
  144.0    1.0908e-02    1.2180e-02   -1.0442e-01   -7.6621e-02
  147.0    1.0048e-02    1.2180e-02   -1.7504e-01   -8.8695e-02
  150.0    1.0017e-02    1.2180e-02   -1.7753e-01   -9.9555e-02
  153.0    1.0529e-02    1.2180e-02   -1.3551e-01   -9.8810e-02
  156.0    1.2083e-02    1.2180e-02   -7.9418e-03   -7.5905e-02
  159.0    1.1494e-02    1.2180e-02   -5.6265e-02   -4.8042e-02
  162.0    8.7505e-03    1.2180e-02   -2.8154e-01   -3.1238e-02
  165.0    7.5845e-03    1.2180e-02   -3.7728e-01   -1.4178e-02
  168.0    8.6325e-03    1.2180e-02   -2.9123e-01    2.5357e-02
  171.0    1.2910e-02    1.2180e-02    5.9943e-02    9.3783e-02
  174.0    1.8597e-02    1.2180e-02    5.2693e-01    1.6882e-01
  177.0    2.5801e-02    1.2180e-02    1.1184e+00    2.2079e-01
  180.0    2.8850e-02    1.2180e-02    1.3687e+00    2.3013e-01
  183.0    2.5802e-02    1.2180e-02    1.1185e+00    1.9539e-01
  186.0    1.8595e-02    1.2180e-02    5.2673e-01    1.2366e-01
  189.0    1.2905e-02    1.2180e-02    5.9566e-02    4.2233e-02
  192.0    8.6290e-03    1.2180e-02   -2.9152e-01   -2.7844e-02
  195.0    7.5836e-03    1.2180e-02   -3.7735e-01   -6.1845e-02
  198.0    8.7539e-03    1.2180e-02   -2.8127e-01   -8.5323e-02
  201.0    1.1502e-02    1.2180e-02   -5.5622e-02   -1.1472e-01
  204.0    1.2091e-02    1.2180e-02   -7.2816e-03   -1.5055e-01
  207.0    1.0538e-02    1.2180e-02   -1.3479e-01   -1.5636e-01
  210.0    1.0024e-02    1.2180e-02   -1.7702e-01   -1.3609e-01
  213.0    1.0052e-02    1.2180e-02   -1.7471e-01   -1.0489e-01
  216.0    1.0916e-02    1.2180e-02   -1.0377e-01   -7.9351e-02
  219.0    1.0956e-02    1.2180e-02   -1.0043e-01   -3.9767e-02
  222.0    1.0186e-02    1.2180e-02   -1.6367e-01    1.4281e-02
  225.0    9.6468e-03    1.2180e-02   -2.0795e-01    1.1968e-01
  228.0    9.5853e-03    1.2180e-02   -2.1300e-01    2.7992e-01
   7    40  16.66   36.0    1.0    0.0   ----------------------------
  111.0    9.8415e-03    1.1000e-02   -1.0531e-01   -1.3946e-02
  114.0    1.0471e-02    1.1000e-02   -4.8103e-02    1.2149e-02
  117.0    9.7077e-03    1.1000e-02   -1.1747e-01    1.7027e-02
  120.0    9.3713e-03    1.1000e-02   -1.4805e-01    1.8222e-02
  123.0    9.9948e-03    1.1000e-02   -9.1367e-02    2.3815e-02
  126.0    1.0752e-02    1.1000e-02   -2.2569e-02   -1.0774e-02
  129.0    1.0061e-02    1.1000e-02   -8.5338e-02   -7.4364e-02
  132.0    9.1877e-03    1.1000e-02   -1.6474e-01   -9.1773e-02
  135.0    9.9672e-03    1.1000e-02   -9.3881e-02   -2.1975e-02
  138.0    1.2405e-02    1.1000e-02    1.2770e-01    7.8204e-02
  141.0    1.3910e-02    1.1000e-02    2.6457e-01    1.1328e-01
  144.0    1.3207e-02    1.1000e-02    2.0070e-01    6.1723e-02
  147.0    1.1972e-02    1.1000e-02    8.8420e-02   -2.3870e-02
  150.0    1.1443e-02    1.1000e-02    4.0280e-02   -5.3580e-02
  153.0    1.1269e-02    1.1000e-02    2.4438e-02   -1.4714e-02
  156.0    1.2020e-02    1.1000e-02    9.2726e-02    2.5839e-02
  159.0    1.1561e-02    1.1000e-02    5.1051e-02    7.7397e-03
  162.0    9.0193e-03    1.1000e-02   -1.8005e-01   -5.0969e-02
  165.0    6.9574e-03    1.1000e-02   -3.6750e-01   -9.0673e-02
  168.0    7.0885e-03    1.1000e-02   -3.5558e-01   -7.2761e-02
  171.0    9.0061e-03    1.1000e-02   -1.8125e-01   -1.5329e-02
  174.0    1.1647e-02    1.1000e-02    5.8879e-02    5.4650e-02
  177.0    1.5371e-02    1.1000e-02    3.9737e-01    9.8675e-02
  180.0    1.7647e-02    1.1000e-02    6.0434e-01    1.0860e-01
  183.0    1.5373e-02    1.1000e-02    3.9753e-01    8.1124e-02
  186.0    1.1647e-02    1.1000e-02    5.8789e-02    2.1521e-02
  189.0    9.0047e-03    1.1000e-02   -1.8138e-01   -4.5749e-02
  192.0    7.0870e-03    1.1000e-02   -3.5572e-01   -8.3449e-02
  195.0    6.9570e-03    1.1000e-02   -3.6753e-01   -7.4170e-02
  198.0    9.0231e-03    1.1000e-02   -1.7971e-01   -2.4389e-02
  201.0    1.1567e-02    1.1000e-02    5.1602e-02    1.3705e-02
  204.0    1.2030e-02    1.1000e-02    9.3642e-02   -5.6821e-03
  207.0    1.1283e-02    1.1000e-02    2.5731e-02   -5.0407e-02
  210.0    1.1455e-02    1.1000e-02    4.1398e-02   -5.0032e-02
  213.0    1.1981e-02    1.1000e-02    8.9159e-02    2.3714e-02
  216.0    1.3216e-02    1.1000e-02    2.0143e-01    9.4979e-02
  219.0    1.3921e-02    1.1000e-02    2.6558e-01    8.6469e-02
  222.0    1.2414e-02    1.1000e-02    1.2860e-01    1.0162e-02
  225.0    9.9706e-03    1.1000e-02   -9.3565e-02   -4.4292e-02
  228.0    9.1866e-03    1.1000e-02   -1.6484e-01   -3.9207e-02
   8    40  16.66   39.0    1.0    0.0   ----------------------------
  111.0    9.6547e-03    9.6556e-03   -8.7976e-05    4.3804e-03
  114.0    8.7657e-03    9.6556e-03   -9.2157e-02   -2.3133e-02
  117.0    7.5775e-03    9.6556e-03   -2.1522e-01   -3.8070e-02
  120.0    7.4120e-03    9.6556e-03   -2.3236e-01   -5.4116e-02
  123.0    7.7362e-03    9.6556e-03   -1.9878e-01   -6.7571e-02
  126.0    8.9084e-03    9.6556e-03   -7.7382e-02   -8.4240e-02
  129.0    9.7313e-03    9.6556e-03    7.8441e-03   -5.6375e-02
  132.0    1.0220e-02    9.6556e-03    5.8480e-02    2.8533e-02
  135.0    1.1799e-02    9.6556e-03    2.2195e-01    1.4498e-01
  138.0    1.4012e-02    9.6556e-03    4.5122e-01    2.2795e-01
  141.0    1.5039e-02    9.6556e-03    5.5752e-01    2.1992e-01
  144.0    1.4577e-02    9.6556e-03    5.0965e-01    1.5144e-01
  147.0    1.3903e-02    9.6556e-03    4.3991e-01    5.7896e-02
  150.0    1.2157e-02    9.6556e-03    2.5906e-01   -2.4521e-02
  153.0    9.5731e-03    9.6556e-03   -8.5423e-03   -8.8908e-02
  156.0    7.6170e-03    9.6556e-03   -2.1113e-01   -1.3658e-01
  159.0    7.1239e-03    9.6556e-03   -2.6220e-01   -1.6957e-01
  162.0    7.4907e-03    9.6556e-03   -2.2421e-01   -1.8196e-01
  165.0    7.3830e-03    9.6556e-03   -2.3537e-01   -1.6636e-01
  168.0    6.9907e-03    9.6556e-03   -2.7599e-01   -9.5662e-02
  171.0    6.8330e-03    9.6556e-03   -2.9233e-01    2.5727e-03
  174.0    7.0213e-03    9.6556e-03   -2.7283e-01    7.5668e-02
  177.0    7.4170e-03    9.6556e-03   -2.3184e-01    1.0386e-01
  180.0    8.1063e-03    9.6556e-03   -1.6045e-01    1.1122e-01
  183.0    7.4164e-03    9.6556e-03   -2.3191e-01    1.2075e-01
  186.0    7.0223e-03    9.6556e-03   -2.7272e-01    8.6782e-02
  189.0    6.8369e-03    9.6556e-03   -2.9192e-01   -7.0245e-04
  192.0    6.9926e-03    9.6556e-03   -2.7580e-01   -8.8793e-02
  195.0    7.3828e-03    9.6556e-03   -2.3539e-01   -1.2694e-01
  198.0    7.4918e-03    9.6556e-03   -2.2410e-01   -1.0851e-01
  201.0    7.1257e-03    9.6556e-03   -2.6201e-01   -7.3471e-02
  204.0    7.6184e-03    9.6556e-03   -2.1098e-01   -4.1053e-02
  207.0    9.5782e-03    9.6556e-03   -8.0122e-03   -6.2063e-03
  210.0    1.2167e-02    9.6556e-03    2.6012e-01    3.6630e-02
  213.0    1.3914e-02    9.6556e-03    4.4100e-01    1.1711e-01
  216.0    1.4582e-02    9.6556e-03    5.1027e-01    1.8194e-01
  219.0    1.5041e-02    9.6556e-03    5.5770e-01    1.8301e-01
  222.0    1.4008e-02    9.6556e-03    4.5077e-01    7.1769e-02
  225.0    1.1788e-02    9.6556e-03    2.2090e-01   -7.8601e-02
  228.0    1.0209e-02    9.6556e-03    5.7325e-02   -2.2177e-01
   9    40  16.66   42.0    1.0    0.0   ----------------------------
  111.0    9.5568e-03    9.8277e-03   -2.7560e-02    1.9833e-01
  114.0    6.5351e-03    9.8277e-03   -3.3503e-01   -4.2312e-02
  117.0    5.4182e-03    9.8277e-03   -4.4868e-01   -1.7873e-01
  120.0    5.4271e-03    9.8277e-03   -4.4777e-01   -2.1802e-01
  123.0    5.4393e-03    9.8277e-03   -4.4653e-01   -1.7220e-01
  126.0    6.4184e-03    9.8277e-03   -3.4691e-01   -6.8148e-02
  129.0    9.2752e-03    9.8277e-03   -5.6221e-02    5.4032e-02
  132.0    1.2163e-02    9.8277e-03    2.3767e-01    1.6503e-01
  135.0    1.4271e-02    9.8277e-03    4.5213e-01    2.2071e-01
  138.0    1.3895e-02    9.8277e-03    4.1384e-01    2.1989e-01
  141.0    1.2222e-02    9.8277e-03    2.4358e-01    1.8190e-01
  144.0    1.2196e-02    9.8277e-03    2.4102e-01    1.2803e-01
  147.0    1.2272e-02    9.8277e-03    2.4874e-01    6.4984e-02
  150.0    1.0762e-02    9.8277e-03    9.5065e-02   -2.0704e-02
  153.0    8.3325e-03    9.8277e-03   -1.5214e-01   -1.1858e-01
  156.0    7.0933e-03    9.8277e-03   -2.7823e-01   -1.9710e-01
  159.0    7.0080e-03    9.8277e-03   -2.8691e-01   -2.2046e-01
  162.0    8.2890e-03    9.8277e-03   -1.5657e-01   -1.7696e-01
  165.0    1.0264e-02    9.8277e-03    4.4391e-02   -8.4542e-02
  168.0    1.1840e-02    9.8277e-03    2.0473e-01    1.2567e-02
  171.0    1.1610e-02    9.8277e-03    1.8137e-01    6.2766e-02
  174.0    9.3522e-03    9.8277e-03   -4.8379e-02    3.7321e-02
  177.0    7.4518e-03    9.8277e-03   -2.4175e-01   -2.3706e-02
  180.0    6.9865e-03    9.8277e-03   -2.8910e-01   -3.6178e-02
  183.0    7.4540e-03    9.8277e-03   -2.4153e-01    3.4647e-02
  186.0    9.3574e-03    9.8277e-03   -4.7851e-02    1.0964e-01
  189.0    1.1622e-02    9.8277e-03    1.8263e-01    1.0956e-01
  192.0    1.1852e-02    9.8277e-03    2.0600e-01    2.4664e-02
  195.0    1.0272e-02    9.8277e-03    4.5174e-02   -8.0884e-02
  198.0    8.2934e-03    9.8277e-03   -1.5612e-01   -1.4744e-01
  201.0    7.0095e-03    9.8277e-03   -2.8676e-01   -1.3871e-01
  204.0    7.0915e-03    9.8277e-03   -2.7842e-01   -7.3898e-02
  207.0    8.3312e-03    9.8277e-03   -1.5227e-01    2.6347e-02
  210.0    1.0763e-02    9.8277e-03    9.5129e-02    9.6776e-02
  213.0    1.2277e-02    9.8277e-03    2.4920e-01    1.3257e-01
  216.0    1.2201e-02    9.8277e-03    2.4146e-01    1.3900e-01
  219.0    1.2219e-02    9.8277e-03    2.4330e-01    1.2968e-01
  222.0    1.3883e-02    9.8277e-03    4.1260e-01    7.0822e-02
  225.0    1.4254e-02    9.8277e-03    4.5034e-01   -4.6801e-02
  228.0    1.2151e-02    9.8277e-03    2.3637e-01   -1.9664e-01
  10    40  16.66   45.0    1.0    0.0   ----------------------------
  111.0    7.2682e-03    9.1741e-03   -2.0775e-01    9.8750e-02
  114.0    6.9202e-03    9.1741e-03   -2.4568e-01    1.6464e-03
  117.0    7.3704e-03    9.1741e-03   -1.9660e-01   -7.2985e-02
  120.0    7.3956e-03    9.1741e-03   -1.9386e-01   -1.0194e-01
  123.0    7.3612e-03    9.1741e-03   -1.9761e-01   -7.6647e-02
  126.0    6.7837e-03    9.1741e-03   -2.6055e-01   -2.0332e-02
  129.0    7.0753e-03    9.1741e-03   -2.2877e-01    4.3536e-02
  132.0    8.8977e-03    9.1741e-03   -3.0124e-02    9.4465e-02
  135.0    9.8178e-03    9.1741e-03    7.0170e-02    9.5821e-02
  138.0    8.9826e-03    9.1741e-03   -2.0873e-02    5.2019e-02
  141.0    8.4273e-03    9.1741e-03   -8.1395e-02    1.7246e-02
  144.0    9.1561e-03    9.1741e-03   -1.9615e-03    1.0630e-02
  147.0    9.9276e-03    9.1741e-03    8.2141e-02    9.1462e-04
  150.0    9.3225e-03    9.1741e-03    1.6180e-02   -3.4253e-02
  153.0    8.3319e-03    9.1741e-03   -9.1800e-02   -6.8528e-02
  156.0    7.8675e-03    9.1741e-03   -1.4242e-01   -1.0041e-01
  159.0    8.1911e-03    9.1741e-03   -1.0714e-01   -1.0052e-01
  162.0    9.1189e-03    9.1741e-03   -6.0129e-03   -4.5445e-02
  165.0    1.0887e-02    9.1741e-03    1.8677e-01    4.6066e-02
  168.0    1.2817e-02    9.1741e-03    3.9712e-01    1.1873e-01
  171.0    1.3357e-02    9.1741e-03    4.5596e-01    1.1307e-01
  174.0    1.1178e-02    9.1741e-03    2.1847e-01    2.7298e-02
  177.0    8.4328e-03    9.1741e-03   -8.0803e-02   -7.5475e-02
  180.0    7.3153e-03    9.1741e-03   -2.0261e-01   -1.1174e-01
  183.0    8.4380e-03    9.1741e-03   -8.0238e-02   -2.3039e-02
  186.0    1.1184e-02    9.1741e-03    2.1912e-01    8.8301e-02
  189.0    1.3366e-02    9.1741e-03    4.5698e-01    1.4115e-01
  192.0    1.2835e-02    9.1741e-03    3.9901e-01    9.1872e-02
  195.0    1.0902e-02    9.1741e-03    1.8836e-01   -1.1524e-02
  198.0    9.1278e-03    9.1741e-03   -5.0476e-03   -9.1393e-02
  201.0    8.1921e-03    9.1741e-03   -1.0704e-01   -1.1022e-01
  204.0    7.8642e-03    9.1741e-03   -1.4278e-01   -8.1233e-02
  207.0    8.3319e-03    9.1741e-03   -9.1802e-02   -3.9095e-02
  210.0    9.3222e-03    9.1741e-03    1.6150e-02    3.4892e-03
  213.0    9.9269e-03    9.1741e-03    8.2058e-02    2.7876e-02
  216.0    9.1576e-03    9.1741e-03   -1.7998e-03    3.7077e-02
  219.0    8.4239e-03    9.1741e-03   -8.1776e-02    5.1598e-02
  222.0    8.9778e-03    9.1741e-03   -2.1391e-02    5.9217e-02
  225.0    9.8165e-03    9.1741e-03    7.0029e-02    2.0395e-02
  228.0    8.8926e-03    9.1741e-03   -3.0684e-02   -7.6156e-02
  11    40  16.66   48.0    1.0    0.0   ----------------------------
  111.0    7.0843e-03    8.6271e-03   -1.7883e-01   -7.6516e-02
  114.0    1.0384e-02    8.6271e-03    2.0361e-01   -5.7189e-03
  117.0    1.2389e-02    8.6271e-03    4.3605e-01    5.9658e-02
  120.0    1.2405e-02    8.6271e-03    4.3786e-01    8.0961e-02
  123.0    1.2245e-02    8.6271e-03    4.1941e-01    5.8128e-02
  126.0    1.0290e-02    8.6271e-03    1.9272e-01    6.9165e-03
  129.0    7.0672e-03    8.6271e-03   -1.8081e-01   -1.3730e-02
  132.0    5.8371e-03    8.6271e-03   -3.2340e-01   -1.7503e-02
  135.0    6.8120e-03    8.6271e-03   -2.1039e-01   -1.6595e-02
  138.0    7.8928e-03    8.6271e-03   -8.5117e-02   -3.2656e-02
  141.0    8.6962e-03    8.6271e-03    8.0061e-03   -3.9333e-02
  144.0    9.5770e-03    8.6271e-03    1.1011e-01   -3.9803e-02
  147.0    9.8476e-03    8.6271e-03    1.4148e-01   -4.1828e-02
  150.0    8.6825e-03    8.6271e-03    6.4180e-03   -5.6573e-02
  153.0    7.3029e-03    8.6271e-03   -1.5350e-01   -6.2465e-02
  156.0    7.3805e-03    8.6271e-03   -1.4450e-01   -4.0216e-02
  159.0    8.1346e-03    8.6271e-03   -5.7089e-02    2.7037e-02
  162.0    8.8447e-03    8.6271e-03    2.5220e-02    1.0959e-01
  165.0    8.9458e-03    8.6271e-03    3.6941e-02    1.4855e-01
  168.0    9.0388e-03    8.6271e-03    4.7720e-02    1.0737e-01
  171.0    9.0786e-03    8.6271e-03    5.2338e-02    2.1039e-02
  174.0    9.0037e-03    8.6271e-03    4.3648e-02   -5.1854e-02
  177.0    7.8492e-03    8.6271e-03   -9.0169e-02   -8.6679e-02
  180.0    7.3522e-03    8.6271e-03   -1.4778e-01   -1.0185e-01
  183.0    7.8505e-03    8.6271e-03   -9.0023e-02   -7.8460e-02
  186.0    9.0101e-03    8.6271e-03    4.4388e-02   -2.3782e-02
  189.0    9.0863e-03    8.6271e-03    5.3223e-02    7.0763e-02
  192.0    9.0482e-03    8.6271e-03    4.8807e-02    1.3187e-01
  195.0    8.9553e-03    8.6271e-03    3.8040e-02    1.1340e-01
  198.0    8.8525e-03    8.6271e-03    2.6132e-02    3.8431e-02
  201.0    8.1393e-03    8.6271e-03   -5.6540e-02   -3.1448e-02
  204.0    7.3815e-03    8.6271e-03   -1.4438e-01   -5.2363e-02
  207.0    7.3041e-03    8.6271e-03   -1.5336e-01   -4.1708e-02
  210.0    8.6793e-03    8.6271e-03    6.0469e-03   -2.8642e-02
  213.0    9.8411e-03    8.6271e-03    1.4072e-01   -3.2504e-02
  216.0    9.5745e-03    8.6271e-03    1.0982e-01   -5.6559e-02
  219.0    8.6908e-03    8.6271e-03    7.3873e-03   -4.8854e-02
  222.0    7.8847e-03    8.6271e-03   -8.6054e-02    5.1477e-03
  225.0    6.8097e-03    8.6271e-03   -2.1067e-01    5.0541e-02
  228.0    5.8363e-03    8.6271e-03   -3.2349e-01    4.7816e-02
  12    40  16.66   51.0    1.0    0.0   ----------------------------
  111.0    7.1725e-03    9.1719e-03   -2.1799e-01   -2.2602e-01
  114.0    1.1990e-02    9.1719e-03    3.0721e-01   -2.9521e-03
  117.0    1.6339e-02    9.1719e-03    7.8147e-01    1.6664e-01
  120.0    1.7049e-02    9.1719e-03    8.5878e-01    2.2205e-01
  123.0    1.6121e-02    9.1719e-03    7.5768e-01    1.3834e-01
  126.0    1.1834e-02    9.1719e-03    2.9025e-01   -2.8020e-02
  129.0    7.1879e-03    9.1719e-03   -2.1631e-01   -1.6378e-01
  132.0    5.8869e-03    9.1719e-03   -3.5816e-01   -2.0461e-01
  135.0    6.9343e-03    9.1719e-03   -2.4396e-01   -1.2154e-01
  138.0    9.0182e-03    9.1719e-03   -1.6751e-02    2.0381e-02
  141.0    1.0443e-02    9.1719e-03    1.3857e-01    1.3537e-01
  144.0    1.2073e-02    9.1719e-03    3.1630e-01    1.5611e-01
  147.0    1.1274e-02    9.1719e-03    2.2921e-01    9.6610e-02
  150.0    7.8420e-03    9.1719e-03   -1.4499e-01    4.1438e-03
  153.0    6.1934e-03    9.1719e-03   -3.2474e-01   -5.9690e-02
  156.0    6.7931e-03    9.1719e-03   -2.5936e-01   -9.0885e-02
  159.0    8.1056e-03    9.1719e-03   -1.1625e-01   -5.2377e-02
  162.0    9.3201e-03    9.1719e-03    1.6164e-02    1.3357e-02
  165.0    9.2007e-03    9.1719e-03    3.1478e-03    5.4862e-02
  168.0    7.6731e-03    9.1719e-03   -1.6341e-01    2.9027e-02
  171.0    6.9501e-03    9.1719e-03   -2.4224e-01   -2.8864e-02
  174.0    7.7781e-03    9.1719e-03   -1.5196e-01   -3.8684e-02
  177.0    9.1802e-03    9.1719e-03    9.1410e-04   -9.9621e-03
  180.0    9.8717e-03    9.1719e-03    7.6302e-02   -3.1719e-03
  183.0    9.1769e-03    9.1719e-03    5.4836e-04   -3.8550e-02
  186.0    7.7789e-03    9.1719e-03   -1.5187e-01   -6.0198e-02
  189.0    6.9557e-03    9.1719e-03   -2.4162e-01   -1.6927e-02
  192.0    7.6803e-03    9.1719e-03   -1.6263e-01    4.2769e-02
  195.0    9.2054e-03    9.1719e-03    3.6545e-03    4.1619e-02
  198.0    9.3217e-03    9.1719e-03    1.6338e-02   -1.7331e-02
  201.0    8.1090e-03    9.1719e-03   -1.1588e-01   -7.9460e-02
  204.0    6.7937e-03    9.1719e-03   -2.5929e-01   -8.2260e-02
  207.0    6.1923e-03    9.1719e-03   -3.2486e-01   -2.4693e-02
  210.0    7.8379e-03    9.1719e-03   -1.4544e-01    6.2515e-02
  213.0    1.1264e-02    9.1719e-03    2.2813e-01    1.4007e-01
  216.0    1.2060e-02    9.1719e-03    3.1491e-01    1.5983e-01
  219.0    1.0430e-02    9.1719e-03    1.3719e-01    8.8430e-02
  222.0    9.0105e-03    9.1719e-03   -1.7593e-02   -2.7951e-02
  225.0    6.9354e-03    9.1719e-03   -2.4384e-01   -1.0225e-01
  228.0    5.8919e-03    9.1719e-03   -3.5761e-01   -9.3043e-02
  13    40  16.66   54.0    1.0    0.0   ----------------------------
  111.0    6.1141e-03    9.7365e-03   -3.7204e-01   -2.2406e-01
  114.0    9.3990e-03    9.7365e-03   -3.4668e-02    3.0813e-03
  117.0    1.4120e-02    9.7365e-03    4.5023e-01    1.7632e-01
  120.0    1.5928e-02    9.7365e-03    6.3595e-01    2.3110e-01
  123.0    1.4118e-02    9.7365e-03    4.5002e-01    1.4453e-01
  126.0    9.3426e-03    9.7365e-03   -4.0451e-02   -3.7536e-02
  129.0    6.1033e-03    9.7365e-03   -3.7315e-01   -1.7921e-01
  132.0    5.4466e-03    9.7365e-03   -4.4060e-01   -1.9472e-01
  135.0    7.1250e-03    9.7365e-03   -2.6822e-01   -1.0006e-01
  138.0    9.9018e-03    9.7365e-03    1.6973e-02    7.2969e-03
  141.0    1.1362e-02    9.7365e-03    1.6699e-01    7.0543e-02
  144.0    1.2063e-02    9.7365e-03    2.3896e-01    9.4413e-02
  147.0    1.0984e-02    9.7365e-03    1.2810e-01    7.0206e-02
  150.0    8.1949e-03    9.7365e-03   -1.5833e-01   -1.0773e-02
  153.0    7.0769e-03    9.7365e-03   -2.7316e-01   -5.6642e-02
  156.0    8.2183e-03    9.7365e-03   -1.5593e-01   -2.6572e-02
  159.0    1.0939e-02    9.7365e-03    1.2351e-01    6.3978e-02
  162.0    1.3230e-02    9.7365e-03    3.5883e-01    9.8789e-02
  165.0    1.2146e-02    9.7365e-03    2.4744e-01    3.4691e-02
  168.0    8.7402e-03    9.7365e-03   -1.0232e-01   -7.6719e-02
  171.0    6.5500e-03    9.7365e-03   -3.2728e-01   -1.1386e-01
  174.0    7.7859e-03    9.7365e-03   -2.0034e-01   -4.0346e-02
  177.0    1.1046e-02    9.7365e-03    1.3446e-01    7.7855e-02
  180.0    1.2762e-02    9.7365e-03    3.1071e-01    1.0401e-01
  183.0    1.1044e-02    9.7365e-03    1.3427e-01    1.6819e-02
  186.0    7.7866e-03    9.7365e-03   -2.0027e-01   -9.2839e-02
  189.0    6.5513e-03    9.7365e-03   -3.2714e-01   -1.1100e-01
  192.0    8.7415e-03    9.7365e-03   -1.0220e-01   -3.0872e-02
  195.0    1.2150e-02    9.7365e-03    2.4791e-01    4.1758e-02
  198.0    1.3231e-02    9.7365e-03    3.5893e-01    2.6468e-02
  201.0    1.0940e-02    9.7365e-03    1.2364e-01   -4.3013e-02
  204.0    8.2192e-03    9.7365e-03   -1.5584e-01   -8.6044e-02
  207.0    7.0722e-03    9.7365e-03   -2.7364e-01   -5.4108e-02
  210.0    8.1890e-03    9.7365e-03   -1.5894e-01    3.7743e-02
  213.0    1.0972e-02    9.7365e-03    1.2692e-01    1.1586e-01
  216.0    1.2048e-02    9.7365e-03    2.3739e-01    1.5032e-01
  219.0    1.1352e-02    9.7365e-03    1.6593e-01    1.0915e-01
  222.0    9.8945e-03    9.7365e-03    1.6225e-02    2.2585e-02
  225.0    7.1233e-03    9.7365e-03   -2.6839e-01   -7.2088e-02
  228.0    5.4480e-03    9.7365e-03   -4.4046e-01   -1.5052e-01
  14    40  16.66   57.0    1.0    0.0   ----------------------------
  111.0    5.2969e-03    8.7153e-03   -3.9223e-01   -9.3920e-02
  114.0    6.4794e-03    8.7153e-03   -2.5654e-01   -2.5187e-03
  117.0    8.7909e-03    8.7153e-03    8.6688e-03    6.8535e-02
  120.0    9.8866e-03    8.7153e-03    1.3440e-01    9.2817e-02
  123.0    8.8735e-03    8.7153e-03    1.8151e-02    5.7983e-02
  126.0    6.4848e-03    8.7153e-03   -2.5594e-01   -1.7786e-02
  129.0    5.3150e-03    8.7153e-03   -3.9015e-01   -1.0808e-01
  132.0    5.3397e-03    8.7153e-03   -3.8732e-01   -1.3233e-01
  135.0    6.6667e-03    8.7153e-03   -2.3506e-01   -7.4134e-02
  138.0    8.1318e-03    8.7153e-03   -6.6956e-02    3.2209e-02
  141.0    9.2446e-03    8.7153e-03    6.0735e-02    9.5118e-02
  144.0    9.9933e-03    8.7153e-03    1.4663e-01    1.0235e-01
  147.0    8.9522e-03    8.7153e-03    2.7183e-02    7.0689e-02
  150.0    7.9876e-03    8.7153e-03   -8.3500e-02   -9.6628e-03
  153.0    7.5867e-03    8.7153e-03   -1.2950e-01   -5.9091e-02
  156.0    9.2158e-03    8.7153e-03    5.7422e-02   -7.5059e-03
  159.0    1.2272e-02    8.7153e-03    4.0812e-01    1.1859e-01
  162.0    1.4096e-02    8.7153e-03    6.1743e-01    1.6959e-01
  165.0    1.2783e-02    8.7153e-03    4.6671e-01    7.2491e-02
  168.0    9.4328e-03    8.7153e-03    8.2329e-02   -9.5554e-02
  171.0    6.1528e-03    8.7153e-03   -2.9402e-01   -1.6484e-01
  174.0    6.2065e-03    8.7153e-03   -2.8787e-01   -1.0958e-01
  177.0    9.2876e-03    8.7153e-03    6.5662e-02    8.9682e-04
  180.0    1.0826e-02    8.7153e-03    2.4216e-01    3.3484e-02
  183.0    9.2879e-03    8.7153e-03    6.5703e-02   -5.6872e-02
  186.0    6.2063e-03    8.7153e-03   -2.8788e-01   -1.6105e-01
  189.0    6.1525e-03    8.7153e-03   -2.9406e-01   -1.4786e-01
  192.0    9.4317e-03    8.7153e-03    8.2198e-02   -1.2067e-02
  195.0    1.2784e-02    8.7153e-03    4.6688e-01    1.4369e-01
  198.0    1.4092e-02    8.7153e-03    6.1693e-01    1.3998e-01
  201.0    1.2266e-02    8.7153e-03    4.0744e-01    2.2871e-02
  204.0    9.2162e-03    8.7153e-03    5.7477e-02   -5.8213e-02
  207.0    7.5875e-03    8.7153e-03   -1.2941e-01   -2.8736e-02
  210.0    7.9855e-03    8.7153e-03   -8.3740e-02    6.1514e-02
  213.0    8.9445e-03    8.7153e-03    2.6292e-02    1.0174e-01
  216.0    9.9861e-03    8.7153e-03    1.4581e-01    1.0051e-01
  219.0    9.2419e-03    8.7153e-03    6.0423e-02    6.4563e-02
  222.0    8.1236e-03    8.7153e-03   -6.7894e-02   -2.1300e-02
  225.0    6.6627e-03    8.7153e-03   -2.3551e-01   -8.8828e-02
  228.0    5.3409e-03    8.7153e-03   -3.8718e-01   -1.0150e-01
  15    40  16.66   60.0    1.0    0.0   ----------------------------
  111.0    6.6462e-03    7.8472e-03   -1.5305e-01    9.0768e-02
  114.0    5.4311e-03    7.8472e-03   -3.0789e-01   -3.4356e-04
  117.0    5.5175e-03    7.8472e-03   -2.9689e-01   -7.0458e-02
  120.0    6.1185e-03    7.8472e-03   -2.2030e-01   -8.7005e-02
  123.0    5.5155e-03    7.8472e-03   -2.9713e-01   -5.4905e-02
  126.0    5.4445e-03    7.8472e-03   -3.0619e-01    1.0933e-02
  129.0    6.8278e-03    7.8472e-03   -1.2991e-01    6.0343e-02
  132.0    7.8465e-03    7.8472e-03   -9.2089e-05    2.6780e-02
  135.0    7.3531e-03    7.8472e-03   -6.2969e-02   -1.3264e-02
  138.0    7.2584e-03    7.8472e-03   -7.5034e-02   -1.3703e-02
  141.0    7.8197e-03    7.8472e-03   -3.5031e-03    4.7315e-02
  144.0    8.2816e-03    7.8472e-03    5.5363e-02    4.9225e-02
  147.0    7.1275e-03    7.8472e-03   -9.1716e-02   -1.5263e-02
  150.0    6.1976e-03    7.8472e-03   -2.1022e-01   -8.5050e-02
  153.0    7.4457e-03    7.8472e-03   -5.1167e-02   -5.2034e-02
  156.0    9.9726e-03    7.8472e-03    2.7084e-01    5.0118e-02
  159.0    1.1356e-02    7.8472e-03    4.4718e-01    1.5524e-01
  162.0    1.1576e-02    7.8472e-03    4.7520e-01    1.4279e-01
  165.0    1.1088e-02    7.8472e-03    4.1305e-01    4.0197e-02
  168.0    8.8081e-03    7.8472e-03    1.2245e-01   -7.7329e-02
  171.0    6.0477e-03    7.8472e-03   -2.2932e-01   -9.6382e-02
  174.0    5.7698e-03    7.8472e-03   -2.6473e-01   -6.6411e-02
  177.0    7.6722e-03    7.8472e-03   -2.2299e-02   -2.4824e-02
  180.0    9.2030e-03    7.8472e-03    1.7278e-01   -1.5823e-02
  183.0    7.6738e-03    7.8472e-03   -2.2101e-02   -4.9007e-02
  186.0    5.7700e-03    7.8472e-03   -2.6471e-01   -9.4098e-02
  189.0    6.0475e-03    7.8472e-03   -2.2934e-01   -1.0422e-01
  192.0    8.8047e-03    7.8472e-03    1.2201e-01   -1.4695e-02
  195.0    1.1087e-02    7.8472e-03    4.1282e-01    1.1638e-01
  198.0    1.1573e-02    7.8472e-03    4.7483e-01    1.6011e-01
  201.0    1.1353e-02    7.8472e-03    4.4670e-01    6.7681e-02
  204.0    9.9736e-03    7.8472e-03    2.7097e-01   -4.8470e-02
  207.0    7.4470e-03    7.8472e-03   -5.0996e-02   -9.1065e-02
  210.0    6.1623e-03    7.8472e-03   -2.1471e-01   -2.9974e-02
  213.0    7.1253e-03    7.8472e-03   -9.1995e-02    5.8913e-02
  216.0    8.2778e-03    7.8472e-03    5.4876e-02    8.8981e-02
  219.0    7.8168e-03    7.8472e-03   -3.8782e-03    4.4646e-02
  222.0    7.2549e-03    7.8472e-03   -7.5485e-02   -2.4249e-02
  225.0    7.3524e-03    7.8472e-03   -6.3055e-02   -5.3016e-02
  228.0    7.8440e-03    7.8472e-03   -4.0710e-04   -2.8915e-02
  16    40  16.66   63.0    1.0    0.0   ----------------------------
  111.0    8.5754e-03    7.7834e-03    1.0175e-01    2.1371e-01
  114.0    6.3348e-03    7.7834e-03   -1.8612e-01    1.0022e-02
  117.0    5.6448e-03    7.7834e-03   -2.7476e-01   -1.3639e-01
  120.0    5.9316e-03    7.7834e-03   -2.3792e-01   -1.8550e-01
  123.0    5.5240e-03    7.7834e-03   -2.9029e-01   -1.1938e-01
  126.0    6.3614e-03    7.7834e-03   -1.8270e-01    2.1645e-02
  129.0    8.7599e-03    7.7834e-03    1.2545e-01    1.5561e-01
  132.0    1.0364e-02    7.7834e-03    3.3160e-01    1.5937e-01
  135.0    9.0993e-03    7.7834e-03    1.6906e-01    5.1057e-02
  138.0    8.1656e-03    7.7834e-03    4.9096e-02   -6.2296e-02
  141.0    7.6764e-03    7.7834e-03   -1.3750e-02   -9.5639e-02
  144.0    6.2669e-03    7.7834e-03   -1.9484e-01   -8.3612e-02
  147.0    5.7819e-03    7.7834e-03   -2.5715e-01   -9.0623e-02
  150.0    5.6334e-03    7.7834e-03   -2.7623e-01   -7.3508e-02
  153.0    6.9083e-03    7.7834e-03   -1.1243e-01    1.4179e-02
  156.0    9.3453e-03    7.7834e-03    2.0067e-01    1.3142e-01
  159.0    1.1073e-02    7.7834e-03    4.2258e-01    1.7884e-01
  162.0    1.0962e-02    7.7834e-03    4.0834e-01    9.3288e-02
  165.0    9.1094e-03    7.7834e-03    1.7036e-01   -3.5453e-02
  168.0    6.6660e-03    7.7834e-03   -1.4356e-01   -1.2468e-01
  171.0    5.4770e-03    7.7834e-03   -2.9632e-01   -1.2561e-01
  174.0    6.0744e-03    7.7834e-03   -2.1957e-01   -2.5752e-02
  177.0    8.4169e-03    7.7834e-03    8.1385e-02    1.0509e-01
  180.0    1.0173e-02    7.7834e-03    3.0705e-01    1.3331e-01
  183.0    8.4183e-03    7.7834e-03    8.1564e-02    3.4946e-02
  186.0    6.0749e-03    7.7834e-03   -2.1951e-01   -9.6697e-02
  189.0    5.4785e-03    7.7834e-03   -2.9613e-01   -1.3372e-01
  192.0    6.6679e-03    7.7834e-03   -1.4332e-01   -7.1538e-02
  195.0    9.1093e-03    7.7834e-03    1.7035e-01    5.8446e-02
  198.0    1.0965e-02    7.7834e-03    4.0879e-01    1.7110e-01
  201.0    1.1074e-02    7.7834e-03    4.2276e-01    1.6171e-01
  204.0    9.3457e-03    7.7834e-03    2.0072e-01    4.6018e-02
  207.0    6.9077e-03    7.7834e-03   -1.1251e-01   -6.9698e-02
  210.0    5.6330e-03    7.7834e-03   -2.7628e-01   -9.1515e-02
  213.0    5.7829e-03    7.7834e-03   -2.5702e-01   -7.5362e-02
  216.0    6.2696e-03    7.7834e-03   -1.9449e-01   -7.8512e-02
  219.0    7.6744e-03    7.7834e-03   -1.4012e-02   -1.0249e-01
  222.0    8.1639e-03    7.7834e-03    4.8885e-02   -4.6610e-02
  225.0    9.0950e-03    7.7834e-03    1.6851e-01    4.5617e-02
  228.0    1.0352e-02    7.7834e-03    3.3000e-01    1.4150e-01
  17    40  16.66   66.0    1.0    0.0   ----------------------------
  111.0    7.5773e-03    7.2947e-03    3.8742e-02   -4.6503e-02
  114.0    6.3437e-03    7.2947e-03   -1.3036e-01   -6.7429e-02
  117.0    6.0554e-03    7.2947e-03   -1.6988e-01   -4.3572e-02
  120.0    5.7763e-03    7.2947e-03   -2.0815e-01   -6.5610e-03
  123.0    5.9339e-03    7.2947e-03   -1.8654e-01   -3.1551e-02
  126.0    6.3347e-03    7.2947e-03   -1.3159e-01    2.8166e-03
  129.0    7.5499e-03    7.2947e-03    3.4986e-02    1.1588e-01
  132.0    9.7455e-03    7.2947e-03    3.3598e-01    2.0065e-01
  135.0    1.0203e-02    7.2947e-03    3.9872e-01    1.8847e-01
  138.0    9.3202e-03    7.2947e-03    2.7767e-01    7.0519e-02
  141.0    8.1728e-03    7.2947e-03    1.2038e-01   -4.6423e-02
  144.0    6.5234e-03    7.2947e-03   -1.0573e-01   -1.2401e-01
  147.0    6.0942e-03    7.2947e-03   -1.6456e-01   -1.5088e-01
  150.0    6.4110e-03    7.2947e-03   -1.2114e-01   -1.4403e-01
  153.0    7.1847e-03    7.2947e-03   -1.5077e-02   -6.7681e-02
  156.0    8.0171e-03    7.2947e-03    9.9038e-02    3.9257e-02
  159.0    8.5917e-03    7.2947e-03    1.7781e-01    8.3201e-02
  162.0    7.8210e-03    7.2947e-03    7.2151e-02    5.0191e-03
  165.0    5.8174e-03    7.2947e-03   -2.0252e-01   -1.0730e-01
  168.0    4.7187e-03    7.2947e-03   -3.5313e-01   -1.4123e-01
  171.0    5.0113e-03    7.2947e-03   -3.1301e-01   -6.9431e-02
  174.0    6.3099e-03    7.2947e-03   -1.3499e-01    3.3750e-02
  177.0    8.3314e-03    7.2947e-03    1.4213e-01    1.1880e-01
  180.0    9.6989e-03    7.2947e-03    3.2959e-01    1.3244e-01
  183.0    8.3290e-03    7.2947e-03    1.4179e-01    1.0190e-01
  186.0    6.3083e-03    7.2947e-03   -1.3522e-01    3.0369e-03
  189.0    5.0104e-03    7.2947e-03   -3.1315e-01   -7.1511e-02
  192.0    4.7177e-03    7.2947e-03   -3.5326e-01   -7.6926e-02
  195.0    5.8163e-03    7.2947e-03   -2.0266e-01    4.0448e-02
  198.0    7.8207e-03    7.2947e-03    7.2112e-02    1.6221e-01
  201.0    8.5938e-03    7.2947e-03    1.7810e-01    1.5457e-01
  204.0    8.0191e-03    7.2947e-03    9.9313e-02    3.9775e-02
  207.0    7.1835e-03    7.2947e-03   -1.5241e-02   -7.8114e-02
  210.0    6.4106e-03    7.2947e-03   -1.2120e-01   -1.1600e-01
  213.0    6.0935e-03    7.2947e-03   -1.6466e-01   -1.1207e-01
  216.0    6.5228e-03    7.2947e-03   -1.0581e-01   -8.6982e-02
  219.0    8.1668e-03    7.2947e-03    1.1956e-01   -3.8656e-02
  222.0    9.3125e-03    7.2947e-03    2.7662e-01    3.7649e-02
  225.0    1.0194e-02    7.2947e-03    3.9751e-01    6.0399e-02
  228.0    9.7432e-03    7.2947e-03    3.3566e-01    2.6168e-02
  18    40  16.66   69.0    1.0    0.0   ----------------------------
  111.0    6.4435e-03    6.8360e-03   -5.7413e-02   -9.3932e-02
  114.0    6.2581e-03    6.8360e-03   -8.4544e-02    2.5878e-03
  117.0    6.7896e-03    6.8360e-03   -6.7919e-03    5.2856e-02
  120.0    7.0465e-03    6.8360e-03    3.0793e-02    6.6060e-02
  123.0    6.6940e-03    6.8360e-03   -2.0772e-02    4.0973e-03
  126.0    6.1960e-03    6.8360e-03   -9.3630e-02   -5.1057e-02
  129.0    6.3156e-03    6.8360e-03   -7.6132e-02   -3.7728e-02
  132.0    7.8778e-03    6.8360e-03    1.5240e-01    5.6255e-02
  135.0    9.6189e-03    6.8360e-03    4.0710e-01    1.4292e-01
  138.0    9.4021e-03    6.8360e-03    3.7537e-01    1.2780e-01
  141.0    8.1520e-03    6.8360e-03    1.9250e-01    1.4874e-02
  144.0    5.7751e-03    6.8360e-03   -1.5520e-01   -8.9747e-02
  147.0    5.1568e-03    6.8360e-03   -2.4565e-01   -1.4858e-01
  150.0    5.9245e-03    6.8360e-03   -1.3334e-01   -9.7600e-02
  153.0    6.8945e-03    6.8360e-03    8.5620e-03   -3.0068e-02
  156.0    6.7846e-03    6.8360e-03   -7.5185e-03    1.5908e-02
  159.0    6.7616e-03    6.8360e-03   -1.0893e-02   -2.5794e-02
  162.0    5.9587e-03    6.8360e-03   -1.2833e-01   -9.9128e-02
  165.0    4.6530e-03    6.8360e-03   -3.1934e-01   -1.2959e-01
  168.0    4.3140e-03    6.8360e-03   -3.6893e-01   -9.0887e-02
  171.0    5.6759e-03    6.8360e-03   -1.6971e-01    2.4007e-02
  174.0    7.7732e-03    6.8360e-03    1.3710e-01    1.1652e-01
  177.0    8.5859e-03    6.8360e-03    2.5597e-01    1.9296e-01
  180.0    9.0894e-03    6.8360e-03    3.2964e-01    2.0255e-01
  183.0    8.5878e-03    6.8360e-03    2.5626e-01    1.5306e-01
  186.0    7.7752e-03    6.8360e-03    1.3738e-01    6.4912e-02
  189.0    5.6761e-03    6.8360e-03   -1.6968e-01   -4.8175e-02
  192.0    4.3138e-03    6.8360e-03   -3.6896e-01   -1.1758e-01
  195.0    4.6540e-03    6.8360e-03   -3.1919e-01   -9.0822e-02
  198.0    5.9599e-03    6.8360e-03   -1.2816e-01   -6.9216e-03
  201.0    6.7635e-03    6.8360e-03   -1.0604e-02    5.7848e-02
  204.0    6.7886e-03    6.8360e-03   -6.9414e-03    1.6733e-02
  207.0    6.8976e-03    6.8360e-03    9.0039e-03   -6.7600e-02
  210.0    5.9262e-03    6.8360e-03   -1.3309e-01   -1.3067e-01
  213.0    5.1578e-03    6.8360e-03   -2.4549e-01   -1.2705e-01
  216.0    5.7736e-03    6.8360e-03   -1.5541e-01   -3.8197e-02
  219.0    8.1459e-03    6.8360e-03    1.9162e-01    7.0793e-02
  222.0    9.3943e-03    6.8360e-03    3.7423e-01    1.4017e-01
  225.0    9.6089e-03    6.8360e-03    4.0562e-01    7.3806e-02
  228.0    7.8761e-03    6.8360e-03    1.5215e-01   -7.5021e-02

fitted parameters ( nfit =  0  nfollow =  0  )

   r-factora =    0.5600   r-factorb =    0.7707

    0     2.10    104.0    4.086           general vinner tdebye lattice
    1  0.00000  0.00000  0.70705  0.70705  layer spacing length units
    2  0.65000  0.40822  0.70705  0.70705  layer spacing length units
    3  0.65000  0.40822  0.70705  0.70705  layer spacing length units
    4  0.65000  0.00000  0.70705  0.70705  layer spacing length units
    5  0.65000  0.40822  0.70705  0.70705  layer spacing length units
    6  0.65000  0.40822  0.70705  0.70705  layer spacing length units
    7  0.65000  0.00000  0.70705  0.70705  layer spacing length units
    8  0.65000  0.40822  0.70705  0.70705  layer spacing length units
    9  0.65000  0.40822  0.70705  0.70705  layer spacing length units
                                           unit: lattice constant

   r-factora=sum((chic-chie)*(chic-chie))/(sum(chic*chic+chie*chie)
   r-factorb=sum(chic*chic-chie*chie)/sum(chic*chic+chie*chie)

This calculation took    6 processor minutes on   10 Linux Cluster
     starting on Tue Oct  7 11:08:18 2025
   and ending on Tue Oct  7 11:08:52 2025

